{"/Users/zhengyuanjie/WebstormProjects/node-singleflight/src/index.ts": {"path":"/Users/zhengyuanjie/WebstormProjects/node-singleflight/src/index.ts","statementMap":{"0":{"start":{"line":5,"column":8},"end":{"line":5,"column":null}},"1":{"start":{"line":9,"column":8},"end":{"line":23,"column":null}},"2":{"start":{"line":9,"column":33},"end":{"line":23,"column":null}},"3":{"start":{"line":10,"column":30},"end":{"line":10,"column":47}},"4":{"start":{"line":11,"column":12},"end":{"line":13,"column":null}},"5":{"start":{"line":12,"column":16},"end":{"line":12,"column":33}},"6":{"start":{"line":14,"column":12},"end":{"line":22,"column":null}},"7":{"start":{"line":15,"column":16},"end":{"line":15,"column":null}},"8":{"start":{"line":16,"column":16},"end":{"line":16,"column":null}},"9":{"start":{"line":18,"column":16},"end":{"line":18,"column":null}},"10":{"start":{"line":19,"column":16},"end":{"line":19,"column":null}},"11":{"start":{"line":21,"column":16},"end":{"line":21,"column":null}},"12":{"start":{"line":27,"column":8},"end":{"line":27,"column":null}},"13":{"start":{"line":1,"column":0},"end":{"line":1,"column":21}}},"fnMap":{"0":{"name":"(anonymous_7)","decl":{"start":{"line":4,"column":4},"end":{"line":4,"column":null}},"loc":{"start":{"line":4,"column":4},"end":{"line":6,"column":5}}},"1":{"name":"(anonymous_8)","decl":{"start":{"line":8,"column":4},"end":{"line":8,"column":6}},"loc":{"start":{"line":8,"column":38},"end":{"line":24,"column":5}}},"2":{"name":"(anonymous_9)","decl":{"start":{"line":9,"column":15},"end":{"line":9,"column":22}},"loc":{"start":{"line":9,"column":33},"end":{"line":23,"column":null}}},"3":{"name":"(anonymous_10)","decl":{"start":{"line":9,"column":33},"end":{"line":9,"column":null}},"loc":{"start":{"line":9,"column":33},"end":{"line":23,"column":9}}},"4":{"name":"(anonymous_11)","decl":{"start":{"line":26,"column":4},"end":{"line":26,"column":10}},"loc":{"start":{"line":26,"column":22},"end":{"line":28,"column":5}}}},"branchMap":{"0":{"loc":{"start":{"line":11,"column":12},"end":{"line":13,"column":null}},"type":"if","locations":[{"start":{"line":11,"column":12},"end":{"line":13,"column":null}},{"start":{"line":11,"column":12},"end":{"line":13,"column":null}}]}},"s":{"0":4,"1":4,"2":41,"3":41,"4":41,"5":36,"6":5,"7":5,"8":5,"9":1,"10":1,"11":5,"12":1,"13":1},"f":{"0":4,"1":4,"2":41,"3":41,"4":1},"b":{"0":[36,5]}}
}
